<?xml version="1.0" encoding="UTF-8"?>
<!-- Generated by org.testng.reporters.JUnitReportReporter -->
<testsuite hostname="LAPTOP-SUO3NIPV" failures="0" tests="1" name="Demo.Demo1.Test1" time="0.016" errors="0" timestamp="27 Dec 2017 15:28:27 GMT" skipped="0">
  <testcase classname="Demo.Demo1.Test1" name="pg" time="0.016"/>
</testsuite> <!-- Demo.Demo1.Test1 -->
