<?xml version="1.0" encoding="UTF-8"?>
<!-- Generated by org.testng.reporters.JUnitReportReporter -->
<testsuite hostname="LAPTOP-SUO3NIPV" failures="0" tests="1" name="Demo.Demo1.advay" time="0.008" errors="0" timestamp="27 Dec 2017 15:46:05 GMT" skipped="0">
  <testcase classname="Demo.Demo1.advay" name="ad" time="0.008"/>
</testsuite> <!-- Demo.Demo1.advay -->
