<?xml version="1.0" encoding="UTF-8"?>
<!-- Generated by org.testng.reporters.JUnitReportReporter -->
<testsuite skipped="0" hostname="LAPTOP-SUO3NIPV" name="Demo.Demo1.advay" tests="1" failures="0" timestamp="02 Jan 2018 01:57:28 GMT" time="0.006" errors="0">
  <testcase name="ad" time="0.006" classname="Demo.Demo1.advay"/>
</testsuite> <!-- Demo.Demo1.advay -->
