<?xml version="1.0" encoding="UTF-8"?>
<!-- Generated by org.testng.reporters.JUnitReportReporter -->
<testsuite skipped="0" hostname="LAPTOP-SUO3NIPV" name="Demo.Demo1.advay" tests="1" failures="0" timestamp="27 Dec 2017 15:52:25 GMT" time="0.005" errors="0">
  <testcase name="ad" time="0.005" classname="Demo.Demo1.advay"/>
</testsuite> <!-- Demo.Demo1.advay -->
